Microsoft (R) Macro Assembler Version 14.28.29335.0	    10/03/21 21:01:59
Testing.asm						     Page 1 - 1




				.386
				.model flat,stdcall
				.stack 4096
				ExitProcess PROTO, dwExitCode:DWORD

 00000000			.data
 00000000 0000001E		A DWORD 30
 00000004 00000014		B DWORD 20
 00000008 0000000A		C1 DWORD 10
 0000000C 00000005		D DWORD 5

 00000010 00000000		finalsum DWORD ?

 00000000			.code
 00000000			main PROC


 00000000  A1 00000000 R		mov eax,A
 00000005  8B 1D 00000004 R		mov ebx,B
 0000000B  8B 0D 00000008 R		mov ecx,C1
 00000011  8B 15 0000000C R		mov edx,D

				;Main program executions

 00000017  03 C3			add eax,ebx
 00000019  03 CA			add ecx,edx
 0000001B  2B C1			sub eax,ecx
 0000001D  A3 00000010 R		mov finalsum,eax




					INVOKE ExitProcess, 0
 00000022  6A 00	   *	    push   +000000000h
 00000024  E8 00000000 E   *	    call   ExitProcess
 00000029			main ENDP
				END main
Microsoft (R) Macro Assembler Version 14.28.29335.0	    10/03/21 21:01:59
Testing.asm						     Symbols 2 - 1




Segments and Groups:

                N a m e                 Size     Length   Align   Combine Class

FLAT . . . . . . . . . . . . . .	GROUP
STACK  . . . . . . . . . . . . .	32 Bit	 00001000 DWord	  Stack	  'STACK'	 
_DATA  . . . . . . . . . . . . .	32 Bit	 00000014 DWord	  Public  'DATA'	
_TEXT  . . . . . . . . . . . . .	32 Bit	 00000029 DWord	  Public  'CODE'	


Procedures, parameters, and locals:

                N a m e                 Type     Value    Attr

ExitProcess  . . . . . . . . . .	P Near	 00000000 FLAT	Length= 00000000 External STDCALL
main . . . . . . . . . . . . . .	P Near	 00000000 _TEXT	Length= 00000029 Public STDCALL


Symbols:

                N a m e                 Type     Value    Attr

@CodeSize  . . . . . . . . . . .	Number	 00000000h   
@DataSize  . . . . . . . . . . .	Number	 00000000h   
@Interface . . . . . . . . . . .	Number	 00000003h   
@Model . . . . . . . . . . . . .	Number	 00000007h   
@code  . . . . . . . . . . . . .	Text   	 _TEXT
@data  . . . . . . . . . . . . .	Text   	 FLAT
@fardata?  . . . . . . . . . . .	Text   	 FLAT
@fardata . . . . . . . . . . . .	Text   	 FLAT
@stack . . . . . . . . . . . . .	Text   	 FLAT
A  . . . . . . . . . . . . . . .	DWord	 00000000 _DATA	
B  . . . . . . . . . . . . . . .	DWord	 00000004 _DATA	
C1 . . . . . . . . . . . . . . .	DWord	 00000008 _DATA	
D  . . . . . . . . . . . . . . .	DWord	 0000000C _DATA	
finalsum . . . . . . . . . . . .	DWord	 00000010 _DATA	

	   0 Warnings
	   0 Errors
